2023-01-03 21:45:36,843:INFO:

Calling sensor list API
2023-01-03 21:45:56,289:INFO:

Calling sensor list API
2023-01-03 21:45:58,144:INFO:200
2023-01-03 21:45:58,155:INFO:Calling sensor data
2023-01-03 21:45:59,072:INFO:200
2023-01-03 21:47:16,550:INFO:

Calling sensor list API
2023-01-03 21:47:18,435:INFO:200
2023-01-03 21:47:18,435:INFO:Calling sensor data
2023-01-03 21:47:19,265:INFO:200
2023-01-03 21:48:25,162:INFO:Calling sensor list API
2023-01-03 21:48:26,648:INFO:200
2023-01-03 21:48:26,664:INFO:Calling sensor data
2023-01-03 21:48:27,482:INFO:200
2023-01-04 20:39:41,611:INFO:Calling sensor list API
2023-01-04 20:39:43,978:INFO:200
2023-01-04 20:39:43,978:INFO:Calling sensor data
2023-01-04 20:39:44,790:INFO:200
2023-01-04 20:40:28,736:INFO:Calling sensor list API
2023-01-04 20:40:30,623:INFO:200
2023-01-04 20:40:30,623:INFO:Calling sensor data
2023-01-04 20:40:31,451:INFO:200
2023-01-04 20:40:59,303:INFO:Calling sensor list API
2023-01-04 20:41:00,599:INFO:200
2023-01-04 20:41:00,599:INFO:Calling sensor data
2023-01-04 20:41:01,584:INFO:200
2023-01-04 20:41:56,170:INFO:Calling sensor list API
2023-01-04 20:41:57,675:INFO:200
2023-01-04 20:41:57,691:INFO:Calling sensor data
2023-01-04 20:41:58,472:INFO:200
2023-01-04 20:42:34,484:INFO:Calling sensor list API
2023-01-04 20:42:35,813:INFO:200
2023-01-04 20:42:35,813:INFO:Calling sensor data
2023-01-04 20:42:36,641:INFO:200
2023-01-04 20:42:58,234:INFO:Calling sensor list API
2023-01-04 20:42:59,515:INFO:200
2023-01-04 20:42:59,531:INFO:Calling sensor data
2023-01-04 20:43:00,360:INFO:200
2023-01-04 20:43:49,945:INFO:Calling sensor list API
2023-01-04 20:43:51,809:INFO:200
2023-01-04 20:43:51,824:INFO:Calling sensor data
2023-01-04 20:43:53,064:INFO:200
2023-01-04 20:44:48,886:INFO:Calling sensor list API
2023-01-04 20:44:50,151:INFO:200
2023-01-04 20:44:50,151:INFO:Calling sensor data
2023-01-04 20:44:50,979:INFO:200
